This is pdfTeX, Version 3.14159265-2.6-1.40.18 (TeX Live 2017) (preloaded format=pdflatex 2017.9.8)  23 DEC 2017 02:22
entering extended mode
 restricted \write18 enabled.
 %&-line parsing enabled.
**freefall_plot_compilation.tex
(./freefall_plot_compilation.tex
LaTeX2e <2017-04-15>
Babel <3.12> and hyphenation patterns for 84 language(s) loaded.
(/usr/local/texlive/2016/texmf-dist/tex/latex/base/article.cls
Document Class: article 2014/09/29 v1.4h Standard LaTeX document class
(/usr/local/texlive/2016/texmf-dist/tex/latex/base/size10.clo
File: size10.clo 2014/09/29 v1.4h Standard LaTeX file (size option)
)
\c@part=\count79
\c@section=\count80
\c@subsection=\count81
\c@subsubsection=\count82
\c@paragraph=\count83
\c@subparagraph=\count84
\c@figure=\count85
\c@table=\count86
\abovecaptionskip=\skip41
\belowcaptionskip=\skip42
\bibindent=\dimen102
)
(/usr/local/texlive/2016/texmf-dist/tex/latex/subfigure/subfigure.sty
Package: subfigure 2002/03/15 v2.1.5 subfigure package
\subfigtopskip=\skip43
\subfigcapskip=\skip44
\subfigcaptopadj=\dimen103
\subfigbottomskip=\skip45
\subfigcapmargin=\dimen104
\subfiglabelskip=\skip46
\c@subfigure=\count87
\c@lofdepth=\count88
\c@subtable=\count89
\c@lotdepth=\count90

****************************************
* Local config file subfigure.cfg used *
****************************************
(/usr/local/texlive/2016/texmf-dist/tex/latex/subfigure/subfigure.cfg)
\subfig@top=\skip47
\subfig@bottom=\skip48
)
(/usr/local/texlive/2016/texmf-dist/tex/latex/tools/multicol.sty
Package: multicol 2017/04/11 v1.8q multicolumn formatting (FMi)
\c@tracingmulticols=\count91
\mult@box=\box26
\multicol@leftmargin=\dimen105
\c@unbalance=\count92
\c@collectmore=\count93
\doublecol@number=\count94
\multicoltolerance=\count95
\multicolpretolerance=\count96
\full@width=\dimen106
\page@free=\dimen107
\premulticols=\dimen108
\postmulticols=\dimen109
\multicolsep=\skip49
\multicolbaselineskip=\skip50
\partial@page=\box27
\last@line=\box28
\maxbalancingoverflow=\dimen110
\mult@rightbox=\box29
\mult@grightbox=\box30
\mult@gfirstbox=\box31
\mult@firstbox=\box32
\@tempa=\box33
\@tempa=\box34
\@tempa=\box35
\@tempa=\box36
\@tempa=\box37
\@tempa=\box38
\@tempa=\box39
\@tempa=\box40
\@tempa=\box41
\@tempa=\box42
\@tempa=\box43
\@tempa=\box44
\@tempa=\box45
\@tempa=\box46
\@tempa=\box47
\@tempa=\box48
\@tempa=\box49
\c@columnbadness=\count97
\c@finalcolumnbadness=\count98
\last@try=\dimen111
\multicolovershoot=\dimen112
\multicolundershoot=\dimen113
\mult@nat@firstbox=\box50
\colbreak@box=\box51
\mc@col@check@num=\count99
)
(/usr/local/texlive/2016/texmf-dist/tex/latex/graphics/graphicx.sty
Package: graphicx 2017/06/01 v1.1a Enhanced LaTeX Graphics (DPC,SPQR)

(/usr/local/texlive/2016/texmf-dist/tex/latex/graphics/keyval.sty
Package: keyval 2014/10/28 v1.15 key=value parser (DPC)
\KV@toks@=\toks14
)
(/usr/local/texlive/2016/texmf-dist/tex/latex/graphics/graphics.sty
Package: graphics 2017/06/25 v1.2c Standard LaTeX Graphics (DPC,SPQR)

(/usr/local/texlive/2016/texmf-dist/tex/latex/graphics/trig.sty
Package: trig 2016/01/03 v1.10 sin cos tan (DPC)
)
(/usr/local/texlive/2016/texmf-dist/tex/latex/graphics-cfg/graphics.cfg
File: graphics.cfg 2016/06/04 v1.11 sample graphics configuration
)
Package graphics Info: Driver file: pdftex.def on input line 99.

(/usr/local/texlive/2016/texmf-dist/tex/latex/graphics-def/pdftex.def
File: pdftex.def 2017/06/24 v1.0g Graphics/color driver for pdftex
))
\Gin@req@height=\dimen114
\Gin@req@width=\dimen115
)
(/usr/local/texlive/2016/texmf-dist/tex/latex/base/inputenc.sty
Package: inputenc 2015/03/17 v1.2c Input encoding file
\inpenc@prehook=\toks15
\inpenc@posthook=\toks16

(/usr/local/texlive/2016/texmf-dist/tex/latex/base/utf8.def
File: utf8.def 2017/01/28 v1.1t UTF-8 support for inputenc
Now handling font encoding OML ...
... no UTF-8 mapping file for font encoding OML
Now handling font encoding T1 ...
... processing UTF-8 mapping file for font encoding T1

(/usr/local/texlive/2016/texmf-dist/tex/latex/base/t1enc.dfu
File: t1enc.dfu 2017/01/28 v1.1t UTF-8 support for inputenc
   defining Unicode char U+00A0 (decimal 160)
   defining Unicode char U+00A1 (decimal 161)
   defining Unicode char U+00A3 (decimal 163)
   defining Unicode char U+00AB (decimal 171)
   defining Unicode char U+00AD (decimal 173)
   defining Unicode char U+00BB (decimal 187)
   defining Unicode char U+00BF (decimal 191)
   defining Unicode char U+00C0 (decimal 192)
   defining Unicode char U+00C1 (decimal 193)
   defining Unicode char U+00C2 (decimal 194)
   defining Unicode char U+00C3 (decimal 195)
   defining Unicode char U+00C4 (decimal 196)
   defining Unicode char U+00C5 (decimal 197)
   defining Unicode char U+00C6 (decimal 198)
   defining Unicode char U+00C7 (decimal 199)
   defining Unicode char U+00C8 (decimal 200)
   defining Unicode char U+00C9 (decimal 201)
   defining Unicode char U+00CA (decimal 202)
   defining Unicode char U+00CB (decimal 203)
   defining Unicode char U+00CC (decimal 204)
   defining Unicode char U+00CD (decimal 205)
   defining Unicode char U+00CE (decimal 206)
   defining Unicode char U+00CF (decimal 207)
   defining Unicode char U+00D0 (decimal 208)
   defining Unicode char U+00D1 (decimal 209)
   defining Unicode char U+00D2 (decimal 210)
   defining Unicode char U+00D3 (decimal 211)
   defining Unicode char U+00D4 (decimal 212)
   defining Unicode char U+00D5 (decimal 213)
   defining Unicode char U+00D6 (decimal 214)
   defining Unicode char U+00D8 (decimal 216)
   defining Unicode char U+00D9 (decimal 217)
   defining Unicode char U+00DA (decimal 218)
   defining Unicode char U+00DB (decimal 219)
   defining Unicode char U+00DC (decimal 220)
   defining Unicode char U+00DD (decimal 221)
   defining Unicode char U+00DE (decimal 222)
   defining Unicode char U+00DF (decimal 223)
   defining Unicode char U+00E0 (decimal 224)
   defining Unicode char U+00E1 (decimal 225)
   defining Unicode char U+00E2 (decimal 226)
   defining Unicode char U+00E3 (decimal 227)
   defining Unicode char U+00E4 (decimal 228)
   defining Unicode char U+00E5 (decimal 229)
   defining Unicode char U+00E6 (decimal 230)
   defining Unicode char U+00E7 (decimal 231)
   defining Unicode char U+00E8 (decimal 232)
   defining Unicode char U+00E9 (decimal 233)
   defining Unicode char U+00EA (decimal 234)
   defining Unicode char U+00EB (decimal 235)
   defining Unicode char U+00EC (decimal 236)
   defining Unicode char U+00ED (decimal 237)
   defining Unicode char U+00EE (decimal 238)
   defining Unicode char U+00EF (decimal 239)
   defining Unicode char U+00F0 (decimal 240)
   defining Unicode char U+00F1 (decimal 241)
   defining Unicode char U+00F2 (decimal 242)
   defining Unicode char U+00F3 (decimal 243)
   defining Unicode char U+00F4 (decimal 244)
   defining Unicode char U+00F5 (decimal 245)
   defining Unicode char U+00F6 (decimal 246)
   defining Unicode char U+00F8 (decimal 248)
   defining Unicode char U+00F9 (decimal 249)
   defining Unicode char U+00FA (decimal 250)
   defining Unicode char U+00FB (decimal 251)
   defining Unicode char U+00FC (decimal 252)
   defining Unicode char U+00FD (decimal 253)
   defining Unicode char U+00FE (decimal 254)
   defining Unicode char U+00FF (decimal 255)
   defining Unicode char U+0100 (decimal 256)
   defining Unicode char U+0101 (decimal 257)
   defining Unicode char U+0102 (decimal 258)
   defining Unicode char U+0103 (decimal 259)
   defining Unicode char U+0104 (decimal 260)
   defining Unicode char U+0105 (decimal 261)
   defining Unicode char U+0106 (decimal 262)
   defining Unicode char U+0107 (decimal 263)
   defining Unicode char U+0108 (decimal 264)
   defining Unicode char U+0109 (decimal 265)
   defining Unicode char U+010A (decimal 266)
   defining Unicode char U+010B (decimal 267)
   defining Unicode char U+010C (decimal 268)
   defining Unicode char U+010D (decimal 269)
   defining Unicode char U+010E (decimal 270)
   defining Unicode char U+010F (decimal 271)
   defining Unicode char U+0110 (decimal 272)
   defining Unicode char U+0111 (decimal 273)
   defining Unicode char U+0112 (decimal 274)
   defining Unicode char U+0113 (decimal 275)
   defining Unicode char U+0114 (decimal 276)
   defining Unicode char U+0115 (decimal 277)
   defining Unicode char U+0116 (decimal 278)
   defining Unicode char U+0117 (decimal 279)
   defining Unicode char U+0118 (decimal 280)
   defining Unicode char U+0119 (decimal 281)
   defining Unicode char U+011A (decimal 282)
   defining Unicode char U+011B (decimal 283)
   defining Unicode char U+011C (decimal 284)
   defining Unicode char U+011D (decimal 285)
   defining Unicode char U+011E (decimal 286)
   defining Unicode char U+011F (decimal 287)
   defining Unicode char U+0120 (decimal 288)
   defining Unicode char U+0121 (decimal 289)
   defining Unicode char U+0122 (decimal 290)
   defining Unicode char U+0123 (decimal 291)
   defining Unicode char U+0124 (decimal 292)
   defining Unicode char U+0125 (decimal 293)
   defining Unicode char U+0128 (decimal 296)
   defining Unicode char U+0129 (decimal 297)
   defining Unicode char U+012A (decimal 298)
   defining Unicode char U+012B (decimal 299)
   defining Unicode char U+012C (decimal 300)
   defining Unicode char U+012D (decimal 301)
   defining Unicode char U+012E (decimal 302)
   defining Unicode char U+012F (decimal 303)
   defining Unicode char U+0130 (decimal 304)
   defining Unicode char U+0131 (decimal 305)
   defining Unicode char U+0132 (decimal 306)
   defining Unicode char U+0133 (decimal 307)
   defining Unicode char U+0134 (decimal 308)
   defining Unicode char U+0135 (decimal 309)
   defining Unicode char U+0136 (decimal 310)
   defining Unicode char U+0137 (decimal 311)
   defining Unicode char U+0139 (decimal 313)
   defining Unicode char U+013A (decimal 314)
   defining Unicode char U+013B (decimal 315)
   defining Unicode char U+013C (decimal 316)
   defining Unicode char U+013D (decimal 317)
   defining Unicode char U+013E (decimal 318)
   defining Unicode char U+0141 (decimal 321)
   defining Unicode char U+0142 (decimal 322)
   defining Unicode char U+0143 (decimal 323)
   defining Unicode char U+0144 (decimal 324)
   defining Unicode char U+0145 (decimal 325)
   defining Unicode char U+0146 (decimal 326)
   defining Unicode char U+0147 (decimal 327)
   defining Unicode char U+0148 (decimal 328)
   defining Unicode char U+014A (decimal 330)
   defining Unicode char U+014B (decimal 331)
   defining Unicode char U+014C (decimal 332)
   defining Unicode char U+014D (decimal 333)
   defining Unicode char U+014E (decimal 334)
   defining Unicode char U+014F (decimal 335)
   defining Unicode char U+0150 (decimal 336)
   defining Unicode char U+0151 (decimal 337)
   defining Unicode char U+0152 (decimal 338)
   defining Unicode char U+0153 (decimal 339)
   defining Unicode char U+0154 (decimal 340)
   defining Unicode char U+0155 (decimal 341)
   defining Unicode char U+0156 (decimal 342)
   defining Unicode char U+0157 (decimal 343)
   defining Unicode char U+0158 (decimal 344)
   defining Unicode char U+0159 (decimal 345)
   defining Unicode char U+015A (decimal 346)
   defining Unicode char U+015B (decimal 347)
   defining Unicode char U+015C (decimal 348)
   defining Unicode char U+015D (decimal 349)
   defining Unicode char U+015E (decimal 350)
   defining Unicode char U+015F (decimal 351)
   defining Unicode char U+0160 (decimal 352)
   defining Unicode char U+0161 (decimal 353)
   defining Unicode char U+0162 (decimal 354)
   defining Unicode char U+0163 (decimal 355)
   defining Unicode char U+0164 (decimal 356)
   defining Unicode char U+0165 (decimal 357)
   defining Unicode char U+0168 (decimal 360)
   defining Unicode char U+0169 (decimal 361)
   defining Unicode char U+016A (decimal 362)
   defining Unicode char U+016B (decimal 363)
   defining Unicode char U+016C (decimal 364)
   defining Unicode char U+016D (decimal 365)
   defining Unicode char U+016E (decimal 366)
   defining Unicode char U+016F (decimal 367)
   defining Unicode char U+0170 (decimal 368)
   defining Unicode char U+0171 (decimal 369)
   defining Unicode char U+0172 (decimal 370)
   defining Unicode char U+0173 (decimal 371)
   defining Unicode char U+0174 (decimal 372)
   defining Unicode char U+0175 (decimal 373)
   defining Unicode char U+0176 (decimal 374)
   defining Unicode char U+0177 (decimal 375)
   defining Unicode char U+0178 (decimal 376)
   defining Unicode char U+0179 (decimal 377)
   defining Unicode char U+017A (decimal 378)
   defining Unicode char U+017B (decimal 379)
   defining Unicode char U+017C (decimal 380)
   defining Unicode char U+017D (decimal 381)
   defining Unicode char U+017E (decimal 382)
   defining Unicode char U+01CD (decimal 461)
   defining Unicode char U+01CE (decimal 462)
   defining Unicode char U+01CF (decimal 463)
   defining Unicode char U+01D0 (decimal 464)
   defining Unicode char U+01D1 (decimal 465)
   defining Unicode char U+01D2 (decimal 466)
   defining Unicode char U+01D3 (decimal 467)
   defining Unicode char U+01D4 (decimal 468)
   defining Unicode char U+01E2 (decimal 482)
   defining Unicode char U+01E3 (decimal 483)
   defining Unicode char U+01E6 (decimal 486)
   defining Unicode char U+01E7 (decimal 487)
   defining Unicode char U+01E8 (decimal 488)
   defining Unicode char U+01E9 (decimal 489)
   defining Unicode char U+01EA (decimal 490)
   defining Unicode char U+01EB (decimal 491)
   defining Unicode char U+01F0 (decimal 496)
   defining Unicode char U+01F4 (decimal 500)
   defining Unicode char U+01F5 (decimal 501)
   defining Unicode char U+0218 (decimal 536)
   defining Unicode char U+0219 (decimal 537)
   defining Unicode char U+021A (decimal 538)
   defining Unicode char U+021B (decimal 539)
   defining Unicode char U+0232 (decimal 562)
   defining Unicode char U+0233 (decimal 563)
   defining Unicode char U+1E02 (decimal 7682)
   defining Unicode char U+1E03 (decimal 7683)
   defining Unicode char U+200C (decimal 8204)
   defining Unicode char U+2010 (decimal 8208)
   defining Unicode char U+2011 (decimal 8209)
   defining Unicode char U+2012 (decimal 8210)
   defining Unicode char U+2013 (decimal 8211)
   defining Unicode char U+2014 (decimal 8212)
   defining Unicode char U+2015 (decimal 8213)
   defining Unicode char U+2018 (decimal 8216)
   defining Unicode char U+2019 (decimal 8217)
   defining Unicode char U+201A (decimal 8218)
   defining Unicode char U+201C (decimal 8220)
   defining Unicode char U+201D (decimal 8221)
   defining Unicode char U+201E (decimal 8222)
   defining Unicode char U+2030 (decimal 8240)
   defining Unicode char U+2031 (decimal 8241)
   defining Unicode char U+2039 (decimal 8249)
   defining Unicode char U+203A (decimal 8250)
   defining Unicode char U+2423 (decimal 9251)
   defining Unicode char U+1E20 (decimal 7712)
   defining Unicode char U+1E21 (decimal 7713)
)
Now handling font encoding OT1 ...
... processing UTF-8 mapping file for font encoding OT1

(/usr/local/texlive/2016/texmf-dist/tex/latex/base/ot1enc.dfu
File: ot1enc.dfu 2017/01/28 v1.1t UTF-8 support for inputenc
   defining Unicode char U+00A0 (decimal 160)
   defining Unicode char U+00A1 (decimal 161)
   defining Unicode char U+00A3 (decimal 163)
   defining Unicode char U+00AD (decimal 173)
   defining Unicode char U+00B8 (decimal 184)
   defining Unicode char U+00BF (decimal 191)
   defining Unicode char U+00C5 (decimal 197)
   defining Unicode char U+00C6 (decimal 198)
   defining Unicode char U+00D8 (decimal 216)
   defining Unicode char U+00DF (decimal 223)
   defining Unicode char U+00E6 (decimal 230)
   defining Unicode char U+00EC (decimal 236)
   defining Unicode char U+00ED (decimal 237)
   defining Unicode char U+00EE (decimal 238)
   defining Unicode char U+00EF (decimal 239)
   defining Unicode char U+00F8 (decimal 248)
   defining Unicode char U+0131 (decimal 305)
   defining Unicode char U+0141 (decimal 321)
   defining Unicode char U+0142 (decimal 322)
   defining Unicode char U+0152 (decimal 338)
   defining Unicode char U+0153 (decimal 339)
   defining Unicode char U+0174 (decimal 372)
   defining Unicode char U+0175 (decimal 373)
   defining Unicode char U+0176 (decimal 374)
   defining Unicode char U+0177 (decimal 375)
   defining Unicode char U+0218 (decimal 536)
   defining Unicode char U+0219 (decimal 537)
   defining Unicode char U+021A (decimal 538)
   defining Unicode char U+021B (decimal 539)
   defining Unicode char U+2013 (decimal 8211)
   defining Unicode char U+2014 (decimal 8212)
   defining Unicode char U+2018 (decimal 8216)
   defining Unicode char U+2019 (decimal 8217)
   defining Unicode char U+201C (decimal 8220)
   defining Unicode char U+201D (decimal 8221)
)
Now handling font encoding OMS ...
... processing UTF-8 mapping file for font encoding OMS

(/usr/local/texlive/2016/texmf-dist/tex/latex/base/omsenc.dfu
File: omsenc.dfu 2017/01/28 v1.1t UTF-8 support for inputenc
   defining Unicode char U+00A7 (decimal 167)
   defining Unicode char U+00B6 (decimal 182)
   defining Unicode char U+00B7 (decimal 183)
   defining Unicode char U+2020 (decimal 8224)
   defining Unicode char U+2021 (decimal 8225)
   defining Unicode char U+2022 (decimal 8226)
)
Now handling font encoding OMX ...
... no UTF-8 mapping file for font encoding OMX
Now handling font encoding U ...
... no UTF-8 mapping file for font encoding U
   defining Unicode char U+00A9 (decimal 169)
   defining Unicode char U+00AA (decimal 170)
   defining Unicode char U+00AE (decimal 174)
   defining Unicode char U+00BA (decimal 186)
   defining Unicode char U+02C6 (decimal 710)
   defining Unicode char U+02DC (decimal 732)
   defining Unicode char U+200C (decimal 8204)
   defining Unicode char U+2026 (decimal 8230)
   defining Unicode char U+2122 (decimal 8482)
   defining Unicode char U+2423 (decimal 9251)
))
(/usr/local/texlive/2016/texmf-dist/tex/latex/geometry/geometry.sty
Package: geometry 2010/09/12 v5.6 Page Geometry

(/usr/local/texlive/2016/texmf-dist/tex/generic/oberdiek/ifpdf.sty
Package: ifpdf 2017/03/15 v3.2 Provides the ifpdf switch
)
(/usr/local/texlive/2016/texmf-dist/tex/generic/oberdiek/ifvtex.sty
Package: ifvtex 2016/05/16 v1.6 Detect VTeX and its facilities (HO)
Package ifvtex Info: VTeX not detected.
)
(/usr/local/texlive/2016/texmf-dist/tex/generic/ifxetex/ifxetex.sty
Package: ifxetex 2010/09/12 v0.6 Provides ifxetex conditional
)
\Gm@cnth=\count100
\Gm@cntv=\count101
\c@Gm@tempcnt=\count102
\Gm@bindingoffset=\dimen116
\Gm@wd@mp=\dimen117
\Gm@odd@mp=\dimen118
\Gm@even@mp=\dimen119
\Gm@layoutwidth=\dimen120
\Gm@layoutheight=\dimen121
\Gm@layouthoffset=\dimen122
\Gm@layoutvoffset=\dimen123
\Gm@dimlist=\toks17
)
(/usr/local/texlive/2016/texmf-dist/tex/latex/xcolor/xcolor.sty
Package: xcolor 2016/05/11 v2.12 LaTeX color extensions (UK)

(/usr/local/texlive/2016/texmf-dist/tex/latex/graphics-cfg/color.cfg
File: color.cfg 2016/01/02 v1.6 sample color configuration
)
Package xcolor Info: Driver file: pdftex.def on input line 225.
Package xcolor Info: Model `cmy' substituted by `cmy0' on input line 1348.
Package xcolor Info: Model `hsb' substituted by `rgb' on input line 1352.
Package xcolor Info: Model `RGB' extended on input line 1364.
Package xcolor Info: Model `HTML' substituted by `rgb' on input line 1366.
Package xcolor Info: Model `Hsb' substituted by `hsb' on input line 1367.
Package xcolor Info: Model `tHsb' substituted by `hsb' on input line 1368.
Package xcolor Info: Model `HSB' substituted by `hsb' on input line 1369.
Package xcolor Info: Model `Gray' substituted by `gray' on input line 1370.
Package xcolor Info: Model `wave' substituted by `hsb' on input line 1371.
)
(/usr/local/texlive/2016/texmf-dist/tex/latex/titlesec/titlesec.sty
Package: titlesec 2016/03/21 v2.10.2 Sectioning titles
\ttl@box=\box52
\beforetitleunit=\skip51
\aftertitleunit=\skip52
\ttl@plus=\dimen124
\ttl@minus=\dimen125
\ttl@toksa=\toks18
\titlewidth=\dimen126
\titlewidthlast=\dimen127
\titlewidthfirst=\dimen128
)
(/usr/local/texlive/2016/texmf-dist/tex/latex/titlesec/block.tss
File: block.tss 2016/03/15
)
(./freefall_plot_compilation.aux)
\openout1 = `freefall_plot_compilation.aux'.

LaTeX Font Info:    Checking defaults for OML/cmm/m/it on input line 13.
LaTeX Font Info:    ... okay on input line 13.
LaTeX Font Info:    Checking defaults for T1/cmr/m/n on input line 13.
LaTeX Font Info:    ... okay on input line 13.
LaTeX Font Info:    Checking defaults for OT1/cmr/m/n on input line 13.
LaTeX Font Info:    ... okay on input line 13.
LaTeX Font Info:    Checking defaults for OMS/cmsy/m/n on input line 13.
LaTeX Font Info:    ... okay on input line 13.
LaTeX Font Info:    Checking defaults for OMX/cmex/m/n on input line 13.
LaTeX Font Info:    ... okay on input line 13.
LaTeX Font Info:    Checking defaults for U/cmr/m/n on input line 13.
LaTeX Font Info:    ... okay on input line 13.

(/usr/local/texlive/2016/texmf-dist/tex/context/base/mkii/supp-pdf.mkii
[Loading MPS to PDF converter (version 2006.09.02).]
\scratchcounter=\count103
\scratchdimen=\dimen129
\scratchbox=\box53
\nofMPsegments=\count104
\nofMParguments=\count105
\everyMPshowfont=\toks19
\MPscratchCnt=\count106
\MPscratchDim=\dimen130
\MPnumerator=\count107
\makeMPintoPDFobject=\count108
\everyMPtoPDFconversion=\toks20
) (/usr/local/texlive/2016/texmf-dist/tex/latex/oberdiek/epstopdf-base.sty
Package: epstopdf-base 2016/05/15 v2.6 Base part for package epstopdf

(/usr/local/texlive/2016/texmf-dist/tex/generic/oberdiek/infwarerr.sty
Package: infwarerr 2016/05/16 v1.4 Providing info/warning/error messages (HO)
)
(/usr/local/texlive/2016/texmf-dist/tex/latex/oberdiek/grfext.sty
Package: grfext 2016/05/16 v1.2 Manage graphics extensions (HO)

(/usr/local/texlive/2016/texmf-dist/tex/generic/oberdiek/kvdefinekeys.sty
Package: kvdefinekeys 2016/05/16 v1.4 Define keys (HO)

(/usr/local/texlive/2016/texmf-dist/tex/generic/oberdiek/ltxcmds.sty
Package: ltxcmds 2016/05/16 v1.23 LaTeX kernel commands for general use (HO)
)))
(/usr/local/texlive/2016/texmf-dist/tex/latex/oberdiek/kvoptions.sty
Package: kvoptions 2016/05/16 v3.12 Key value format for package options (HO)

(/usr/local/texlive/2016/texmf-dist/tex/generic/oberdiek/kvsetkeys.sty
Package: kvsetkeys 2016/05/16 v1.17 Key value parser (HO)

(/usr/local/texlive/2016/texmf-dist/tex/generic/oberdiek/etexcmds.sty
Package: etexcmds 2016/05/16 v1.6 Avoid name clashes with e-TeX commands (HO)

(/usr/local/texlive/2016/texmf-dist/tex/generic/oberdiek/ifluatex.sty
Package: ifluatex 2016/05/16 v1.4 Provides the ifluatex switch (HO)
Package ifluatex Info: LuaTeX not detected.
)
Package etexcmds Info: Could not find \expanded.
(etexcmds)             That can mean that you are not using pdfTeX 1.50 or
(etexcmds)             that some package has redefined \expanded.
(etexcmds)             In the latter case, load this package earlier.
)))
(/usr/local/texlive/2016/texmf-dist/tex/generic/oberdiek/pdftexcmds.sty
Package: pdftexcmds 2017/03/19 v0.25 Utility functions of pdfTeX for LuaTeX (HO
)
Package pdftexcmds Info: LuaTeX not detected.
Package pdftexcmds Info: \pdf@primitive is available.
Package pdftexcmds Info: \pdf@ifprimitive is available.
Package pdftexcmds Info: \pdfdraftmode found.
)
Package epstopdf-base Info: Redefining graphics rule for `.eps' on input line 4
38.
Package grfext Info: Graphics extension search list:
(grfext)             [.pdf,.png,.jpg,.mps,.jpeg,.jbig2,.jb2,.PDF,.PNG,.JPG,.JPE
G,.JBIG2,.JB2,.eps]
(grfext)             \AppendGraphicsExtensions on input line 456.

(/usr/local/texlive/2016/texmf-dist/tex/latex/latexconfig/epstopdf-sys.cfg
File: epstopdf-sys.cfg 2010/07/13 v1.3 Configuration of (r)epstopdf for TeX Liv
e
))
*geometry* driver: auto-detecting
*geometry* detected driver: pdftex
*geometry* verbose mode - [ preamble ] result:
* driver: pdftex
* paper: <default>
* layout: <same size as paper>
* layoutoffset:(h,v)=(0.0pt,0.0pt)
* modes: 
* h-part:(L,W,R)=(36.135pt, 542.02501pt, 36.135pt)
* v-part:(T,H,B)=(36.135pt, 722.7pt, 36.135pt)
* \paperwidth=614.295pt
* \paperheight=794.96999pt
* \textwidth=542.02501pt
* \textheight=722.7pt
* \oddsidemargin=-36.135pt
* \evensidemargin=-36.135pt
* \topmargin=-9.89876pt
* \headheight=12.0pt
* \headsep=25.0pt
* \topskip=10.0pt
* \footskip=30.0pt
* \marginparwidth=65.0pt
* \marginparsep=11.0pt
* \columnsep=10.0pt
* \skip\footins=9.0pt plus 4.0pt minus 2.0pt
* \hoffset=0.0pt
* \voffset=0.0pt
* \mag=1000
* \@twocolumnfalse
* \@twosidefalse
* \@mparswitchfalse
* \@reversemarginfalse
* (1in=72.27pt=25.4mm, 1cm=28.453pt)

</Users/CoraJune/Documents/GitHub/Pozyx/new_models/freefall/figures/position_mo
del/redBall.pdf, id=1, pagebox=cropbox, 418.34856pt x 327.20317pt>
File: /Users/CoraJune/Documents/GitHub/Pozyx/new_models/freefall/figures/positi
on_model/redBall.pdf Graphic file (type pdf)
<use /Users/CoraJune/Documents/GitHub/Pozyx/new_models/freefall/figures/positio
n_model/redBall.pdf>
Package pdftex.def Info: /Users/CoraJune/Documents/GitHub/Pozyx/new_models/free
fall/figures/position_model/redBall.pdf  used on input line 18. on input line 1
8.
Package pdftex.def Info: Requested size: 251.01106pt x 196.32341pt on input lin
e 18.
</Users/CoraJune/Documents/GitHub/Pozyx/new_models/freefall/figures/position_mo
del/yellowBall.pdf, id=2, pagebox=cropbox, 420.06885pt x 327.20317pt>
File: /Users/CoraJune/Documents/GitHub/Pozyx/new_models/freefall/figures/positi
on_model/yellowBall.pdf Graphic file (type pdf)
<use /Users/CoraJune/Documents/GitHub/Pozyx/new_models/freefall/figures/positio
n_model/yellowBall.pdf>
Package pdftex.def Info: /Users/CoraJune/Documents/GitHub/Pozyx/new_models/free
fall/figures/position_model/yellowBall.pdf  used on input line 19. on input lin
e 19.
Package pdftex.def Info: Requested size: 252.04326pt x 196.32341pt on input lin
e 19.

Underfull \hbox (badness 10000) in paragraph at lines 18--20
[][]
 []

</Users/CoraJune/Documents/GitHub/Pozyx/new_models/freefall/figures/position_mo
del/blueBall.pdf, id=3, pagebox=cropbox, 418.34856pt x 327.20317pt>
File: /Users/CoraJune/Documents/GitHub/Pozyx/new_models/freefall/figures/positi
on_model/blueBall.pdf Graphic file (type pdf)
<use /Users/CoraJune/Documents/GitHub/Pozyx/new_models/freefall/figures/positio
n_model/blueBall.pdf>
Package pdftex.def Info: /Users/CoraJune/Documents/GitHub/Pozyx/new_models/free
fall/figures/position_model/blueBall.pdf  used on input line 23. on input line 
23.
Package pdftex.def Info: Requested size: 251.01106pt x 196.32341pt on input lin
e 23.
</Users/CoraJune/Documents/GitHub/Pozyx/new_models/freefall/figures/position_mo
del/orangeBall.pdf, id=4, pagebox=cropbox, 418.34856pt x 327.20317pt>
File: /Users/CoraJune/Documents/GitHub/Pozyx/new_models/freefall/figures/positi
on_model/orangeBall.pdf Graphic file (type pdf)
<use /Users/CoraJune/Documents/GitHub/Pozyx/new_models/freefall/figures/positio
n_model/orangeBall.pdf>
Package pdftex.def Info: /Users/CoraJune/Documents/GitHub/Pozyx/new_models/free
fall/figures/position_model/orangeBall.pdf  used on input line 24. on input lin
e 24.
Package pdftex.def Info: Requested size: 251.01106pt x 196.32341pt on input lin
e 24.

Underfull \hbox (badness 10000) in paragraph at lines 23--25
[][]
 []

</Users/CoraJune/Documents/GitHub/Pozyx/new_models/freefall/figures/position_mo
del/rocket.pdf, id=5, pagebox=cropbox, 418.34856pt x 327.20317pt>
File: /Users/CoraJune/Documents/GitHub/Pozyx/new_models/freefall/figures/positi
on_model/rocket.pdf Graphic file (type pdf)
<use /Users/CoraJune/Documents/GitHub/Pozyx/new_models/freefall/figures/positio
n_model/rocket.pdf>
Package pdftex.def Info: /Users/CoraJune/Documents/GitHub/Pozyx/new_models/free
fall/figures/position_model/rocket.pdf  used on input line 27. on input line 27
.
Package pdftex.def Info: Requested size: 251.01106pt x 196.32341pt on input lin
e 27.
[1{/usr/local/texlive/2016/texmf-var/fonts/map/pdftex/updmap/pdftex.map}

 </Users/CoraJune/Documents/GitHub/Pozyx/new_models/freefall/figures/position_m
odel/redBall.pdf> </Users/CoraJune/Documents/GitHub/Pozyx/new_models/freefall/f
igures/position_model/yellowBall.pdf

pdfTeX warning: pdflatex (file /Users/CoraJune/Documents/GitHub/Pozyx/new_model
s/freefall/figures/position_model/yellowBall.pdf): PDF inclusion: multiple pdfs
 with page group included in a single page
> </Users/CoraJune/Documents/GitHub/Pozyx/new_models/freefall/figures/position_
model/blueBall.pdf

pdfTeX warning: pdflatex (file /Users/CoraJune/Documents/GitHub/Pozyx/new_model
s/freefall/figures/position_model/blueBall.pdf): PDF inclusion: multiple pdfs w
ith page group included in a single page
> </Users/CoraJune/Documents/GitHub/Pozyx/new_models/freefall/figures/position_
model/orangeBall.pdf

pdfTeX warning: pdflatex (file /Users/CoraJune/Documents/GitHub/Pozyx/new_model
s/freefall/figures/position_model/orangeBall.pdf): PDF inclusion: multiple pdfs
 with page group included in a single page
> </Users/CoraJune/Documents/GitHub/Pozyx/new_models/freefall/figures/position_
model/rocket.pdf

pdfTeX warning: pdflatex (file /Users/CoraJune/Documents/GitHub/Pozyx/new_model
s/freefall/figures/position_model/rocket.pdf): PDF inclusion: multiple pdfs wit
h page group included in a single page
>]
</Users/CoraJune/Documents/GitHub/Pozyx/new_models/freefall/figures/velocity_mo
del/redBall.pdf, id=181, pagebox=cropbox, 418.34856pt x 327.20317pt>
File: /Users/CoraJune/Documents/GitHub/Pozyx/new_models/freefall/figures/veloci
ty_model/redBall.pdf Graphic file (type pdf)
<use /Users/CoraJune/Documents/GitHub/Pozyx/new_models/freefall/figures/velocit
y_model/redBall.pdf>
Package pdftex.def Info: /Users/CoraJune/Documents/GitHub/Pozyx/new_models/free
fall/figures/velocity_model/redBall.pdf  used on input line 36. on input line 3
6.
Package pdftex.def Info: Requested size: 251.01106pt x 196.32341pt on input lin
e 36.
</Users/CoraJune/Documents/GitHub/Pozyx/new_models/freefall/figures/velocity_mo
del/yellowBall.pdf, id=182, pagebox=cropbox, 420.06885pt x 327.20317pt>
File: /Users/CoraJune/Documents/GitHub/Pozyx/new_models/freefall/figures/veloci
ty_model/yellowBall.pdf Graphic file (type pdf)
<use /Users/CoraJune/Documents/GitHub/Pozyx/new_models/freefall/figures/velocit
y_model/yellowBall.pdf>
Package pdftex.def Info: /Users/CoraJune/Documents/GitHub/Pozyx/new_models/free
fall/figures/velocity_model/yellowBall.pdf  used on input line 37. on input lin
e 37.
Package pdftex.def Info: Requested size: 252.04326pt x 196.32341pt on input lin
e 37.

Underfull \hbox (badness 10000) in paragraph at lines 36--38
[][]
 []

</Users/CoraJune/Documents/GitHub/Pozyx/new_models/freefall/figures/velocity_mo
del/blueBall.pdf, id=183, pagebox=cropbox, 418.34856pt x 327.20317pt>
File: /Users/CoraJune/Documents/GitHub/Pozyx/new_models/freefall/figures/veloci
ty_model/blueBall.pdf Graphic file (type pdf)
<use /Users/CoraJune/Documents/GitHub/Pozyx/new_models/freefall/figures/velocit
y_model/blueBall.pdf>
Package pdftex.def Info: /Users/CoraJune/Documents/GitHub/Pozyx/new_models/free
fall/figures/velocity_model/blueBall.pdf  used on input line 41. on input line 
41.
Package pdftex.def Info: Requested size: 251.01106pt x 196.32341pt on input lin
e 41.
</Users/CoraJune/Documents/GitHub/Pozyx/new_models/freefall/figures/velocity_mo
del/orangeBall.pdf, id=184, pagebox=cropbox, 418.34856pt x 327.20317pt>
File: /Users/CoraJune/Documents/GitHub/Pozyx/new_models/freefall/figures/veloci
ty_model/orangeBall.pdf Graphic file (type pdf)
<use /Users/CoraJune/Documents/GitHub/Pozyx/new_models/freefall/figures/velocit
y_model/orangeBall.pdf>
Package pdftex.def Info: /Users/CoraJune/Documents/GitHub/Pozyx/new_models/free
fall/figures/velocity_model/orangeBall.pdf  used on input line 42. on input lin
e 42.
Package pdftex.def Info: Requested size: 251.01106pt x 196.32341pt on input lin
e 42.

Underfull \hbox (badness 10000) in paragraph at lines 41--43
[][]
 []

</Users/CoraJune/Documents/GitHub/Pozyx/new_models/freefall/figures/velocity_mo
del/rocket.pdf, id=185, pagebox=cropbox, 418.34856pt x 327.20317pt>
File: /Users/CoraJune/Documents/GitHub/Pozyx/new_models/freefall/figures/veloci
ty_model/rocket.pdf Graphic file (type pdf)
<use /Users/CoraJune/Documents/GitHub/Pozyx/new_models/freefall/figures/velocit
y_model/rocket.pdf>
Package pdftex.def Info: /Users/CoraJune/Documents/GitHub/Pozyx/new_models/free
fall/figures/velocity_model/rocket.pdf  used on input line 45. on input line 45
.
Package pdftex.def Info: Requested size: 251.01106pt x 196.32341pt on input lin
e 45.
[2 </Users/CoraJune/Documents/GitHub/Pozyx/new_models/freefall/figures/velocity
_model/redBall.pdf> </Users/CoraJune/Documents/GitHub/Pozyx/new_models/freefall
/figures/velocity_model/yellowBall.pdf

pdfTeX warning: pdflatex (file /Users/CoraJune/Documents/GitHub/Pozyx/new_model
s/freefall/figures/velocity_model/yellowBall.pdf): PDF inclusion: multiple pdfs
 with page group included in a single page
> </Users/CoraJune/Documents/GitHub/Pozyx/new_models/freefall/figures/velocity_
model/blueBall.pdf

pdfTeX warning: pdflatex (file /Users/CoraJune/Documents/GitHub/Pozyx/new_model
s/freefall/figures/velocity_model/blueBall.pdf): PDF inclusion: multiple pdfs w
ith page group included in a single page
> </Users/CoraJune/Documents/GitHub/Pozyx/new_models/freefall/figures/velocity_
model/orangeBall.pdf

pdfTeX warning: pdflatex (file /Users/CoraJune/Documents/GitHub/Pozyx/new_model
s/freefall/figures/velocity_model/orangeBall.pdf): PDF inclusion: multiple pdfs
 with page group included in a single page
> </Users/CoraJune/Documents/GitHub/Pozyx/new_models/freefall/figures/velocity_
model/rocket.pdf

pdfTeX warning: pdflatex (file /Users/CoraJune/Documents/GitHub/Pozyx/new_model
s/freefall/figures/velocity_model/rocket.pdf): PDF inclusion: multiple pdfs wit
h page group included in a single page
>]
</Users/CoraJune/Documents/GitHub/Pozyx/new_models/freefall/figures/acceleratio
n_model/redBall.pdf, id=361, pagebox=cropbox, 420.68541pt x 327.20317pt>
File: /Users/CoraJune/Documents/GitHub/Pozyx/new_models/freefall/figures/accele
ration_model/redBall.pdf Graphic file (type pdf)
<use /Users/CoraJune/Documents/GitHub/Pozyx/new_models/freefall/figures/acceler
ation_model/redBall.pdf>
Package pdftex.def Info: /Users/CoraJune/Documents/GitHub/Pozyx/new_models/free
fall/figures/acceleration_model/redBall.pdf  used on input line 53. on input li
ne 53.
Package pdftex.def Info: Requested size: 252.4132pt x 196.32341pt on input line
 53.
</Users/CoraJune/Documents/GitHub/Pozyx/new_models/freefall/figures/acceleratio
n_model/yellowBall.pdf, id=362, pagebox=cropbox, 422.40572pt x 327.20317pt>
File: /Users/CoraJune/Documents/GitHub/Pozyx/new_models/freefall/figures/accele
ration_model/yellowBall.pdf Graphic file (type pdf)
<use /Users/CoraJune/Documents/GitHub/Pozyx/new_models/freefall/figures/acceler
ation_model/yellowBall.pdf>
Package pdftex.def Info: /Users/CoraJune/Documents/GitHub/Pozyx/new_models/free
fall/figures/acceleration_model/yellowBall.pdf  used on input line 54. on input
 line 54.
Package pdftex.def Info: Requested size: 253.44537pt x 196.32341pt on input lin
e 54.

Underfull \hbox (badness 10000) in paragraph at lines 53--55
[][]
 []

</Users/CoraJune/Documents/GitHub/Pozyx/new_models/freefall/figures/acceleratio
n_model/blueBall.pdf, id=363, pagebox=cropbox, 420.68541pt x 327.20317pt>
File: /Users/CoraJune/Documents/GitHub/Pozyx/new_models/freefall/figures/accele
ration_model/blueBall.pdf Graphic file (type pdf)
<use /Users/CoraJune/Documents/GitHub/Pozyx/new_models/freefall/figures/acceler
ation_model/blueBall.pdf>
Package pdftex.def Info: /Users/CoraJune/Documents/GitHub/Pozyx/new_models/free
fall/figures/acceleration_model/blueBall.pdf  used on input line 58. on input l
ine 58.
Package pdftex.def Info: Requested size: 252.4132pt x 196.32341pt on input line
 58.
</Users/CoraJune/Documents/GitHub/Pozyx/new_models/freefall/figures/acceleratio
n_model/orangeBall.pdf, id=364, pagebox=cropbox, 420.68541pt x 327.20317pt>
File: /Users/CoraJune/Documents/GitHub/Pozyx/new_models/freefall/figures/accele
ration_model/orangeBall.pdf Graphic file (type pdf)
<use /Users/CoraJune/Documents/GitHub/Pozyx/new_models/freefall/figures/acceler
ation_model/orangeBall.pdf>
Package pdftex.def Info: /Users/CoraJune/Documents/GitHub/Pozyx/new_models/free
fall/figures/acceleration_model/orangeBall.pdf  used on input line 59. on input
 line 59.
Package pdftex.def Info: Requested size: 252.4132pt x 196.32341pt on input line
 59.

Underfull \hbox (badness 10000) in paragraph at lines 58--60
[][]
 []

</Users/CoraJune/Documents/GitHub/Pozyx/new_models/freefall/figures/acceleratio
n_model/rocket.pdf, id=365, pagebox=cropbox, 420.68541pt x 327.20317pt>
File: /Users/CoraJune/Documents/GitHub/Pozyx/new_models/freefall/figures/accele
ration_model/rocket.pdf Graphic file (type pdf)
<use /Users/CoraJune/Documents/GitHub/Pozyx/new_models/freefall/figures/acceler
ation_model/rocket.pdf>
Package pdftex.def Info: /Users/CoraJune/Documents/GitHub/Pozyx/new_models/free
fall/figures/acceleration_model/rocket.pdf  used on input line 62. on input lin
e 62.
Package pdftex.def Info: Requested size: 252.4132pt x 196.32341pt on input line
 62.
[3 </Users/CoraJune/Documents/GitHub/Pozyx/new_models/freefall/figures/accelera
tion_model/redBall.pdf> </Users/CoraJune/Documents/GitHub/Pozyx/new_models/free
fall/figures/acceleration_model/yellowBall.pdf

pdfTeX warning: pdflatex (file /Users/CoraJune/Documents/GitHub/Pozyx/new_model
s/freefall/figures/acceleration_model/yellowBall.pdf): PDF inclusion: multiple 
pdfs with page group included in a single page
> </Users/CoraJune/Documents/GitHub/Pozyx/new_models/freefall/figures/accelerat
ion_model/blueBall.pdf

pdfTeX warning: pdflatex (file /Users/CoraJune/Documents/GitHub/Pozyx/new_model
s/freefall/figures/acceleration_model/blueBall.pdf): PDF inclusion: multiple pd
fs with page group included in a single page
> </Users/CoraJune/Documents/GitHub/Pozyx/new_models/freefall/figures/accelerat
ion_model/orangeBall.pdf

pdfTeX warning: pdflatex (file /Users/CoraJune/Documents/GitHub/Pozyx/new_model
s/freefall/figures/acceleration_model/orangeBall.pdf): PDF inclusion: multiple 
pdfs with page group included in a single page
> </Users/CoraJune/Documents/GitHub/Pozyx/new_models/freefall/figures/accelerat
ion_model/rocket.pdf

pdfTeX warning: pdflatex (file /Users/CoraJune/Documents/GitHub/Pozyx/new_model
s/freefall/figures/acceleration_model/rocket.pdf): PDF inclusion: multiple pdfs
 with page group included in a single page
>]
</Users/CoraJune/Documents/GitHub/Pozyx/new_models/freefall/figures/dragForce_m
odel/redBall.pdf, id=548, pagebox=cropbox, 427.93123pt x 327.20317pt>
File: /Users/CoraJune/Documents/GitHub/Pozyx/new_models/freefall/figures/dragFo
rce_model/redBall.pdf Graphic file (type pdf)
<use /Users/CoraJune/Documents/GitHub/Pozyx/new_models/freefall/figures/dragFor
ce_model/redBall.pdf>
Package pdftex.def Info: /Users/CoraJune/Documents/GitHub/Pozyx/new_models/free
fall/figures/dragForce_model/redBall.pdf  used on input line 70. on input line 
70.
Package pdftex.def Info: Requested size: 256.76071pt x 196.32341pt on input lin
e 70.
</Users/CoraJune/Documents/GitHub/Pozyx/new_models/freefall/figures/dragForce_m
odel/yellowBall.pdf, id=549, pagebox=cropbox, 423.26831pt x 327.20317pt>
File: /Users/CoraJune/Documents/GitHub/Pozyx/new_models/freefall/figures/dragFo
rce_model/yellowBall.pdf Graphic file (type pdf)
<use /Users/CoraJune/Documents/GitHub/Pozyx/new_models/freefall/figures/dragFor
ce_model/yellowBall.pdf>
Package pdftex.def Info: /Users/CoraJune/Documents/GitHub/Pozyx/new_models/free
fall/figures/dragForce_model/yellowBall.pdf  used on input line 71. on input li
ne 71.
Package pdftex.def Info: Requested size: 253.96294pt x 196.32341pt on input lin
e 71.

Underfull \hbox (badness 10000) in paragraph at lines 70--72
[][]
 []

</Users/CoraJune/Documents/GitHub/Pozyx/new_models/freefall/figures/dragForce_m
odel/blueBall.pdf, id=550, pagebox=cropbox, 421.54802pt x 327.20317pt>
File: /Users/CoraJune/Documents/GitHub/Pozyx/new_models/freefall/figures/dragFo
rce_model/blueBall.pdf Graphic file (type pdf)
<use /Users/CoraJune/Documents/GitHub/Pozyx/new_models/freefall/figures/dragFor
ce_model/blueBall.pdf>
Package pdftex.def Info: /Users/CoraJune/Documents/GitHub/Pozyx/new_models/free
fall/figures/dragForce_model/blueBall.pdf  used on input line 75. on input line
 75.
Package pdftex.def Info: Requested size: 252.93076pt x 196.32341pt on input lin
e 75.
</Users/CoraJune/Documents/GitHub/Pozyx/new_models/freefall/figures/dragForce_m
odel/orangeBall.pdf, id=551, pagebox=cropbox, 421.54802pt x 327.20317pt>
File: /Users/CoraJune/Documents/GitHub/Pozyx/new_models/freefall/figures/dragFo
rce_model/orangeBall.pdf Graphic file (type pdf)
<use /Users/CoraJune/Documents/GitHub/Pozyx/new_models/freefall/figures/dragFor
ce_model/orangeBall.pdf>
Package pdftex.def Info: /Users/CoraJune/Documents/GitHub/Pozyx/new_models/free
fall/figures/dragForce_model/orangeBall.pdf  used on input line 76. on input li
ne 76.
Package pdftex.def Info: Requested size: 252.93076pt x 196.32341pt on input lin
e 76.

Underfull \hbox (badness 10000) in paragraph at lines 75--77
[][]
 []

</Users/CoraJune/Documents/GitHub/Pozyx/new_models/freefall/figures/dragForce_m
odel/rocket.pdf, id=552, pagebox=cropbox, 427.93123pt x 327.20317pt>
File: /Users/CoraJune/Documents/GitHub/Pozyx/new_models/freefall/figures/dragFo
rce_model/rocket.pdf Graphic file (type pdf)
<use /Users/CoraJune/Documents/GitHub/Pozyx/new_models/freefall/figures/dragFor
ce_model/rocket.pdf>
Package pdftex.def Info: /Users/CoraJune/Documents/GitHub/Pozyx/new_models/free
fall/figures/dragForce_model/rocket.pdf  used on input line 79. on input line 7
9.
Package pdftex.def Info: Requested size: 256.76071pt x 196.32341pt on input lin
e 79.
[4 </Users/CoraJune/Documents/GitHub/Pozyx/new_models/freefall/figures/dragForc
e_model/redBall.pdf> </Users/CoraJune/Documents/GitHub/Pozyx/new_models/freefal
l/figures/dragForce_model/yellowBall.pdf

pdfTeX warning: pdflatex (file /Users/CoraJune/Documents/GitHub/Pozyx/new_model
s/freefall/figures/dragForce_model/yellowBall.pdf): PDF inclusion: multiple pdf
s with page group included in a single page
> </Users/CoraJune/Documents/GitHub/Pozyx/new_models/freefall/figures/dragForce
_model/blueBall.pdf

pdfTeX warning: pdflatex (file /Users/CoraJune/Documents/GitHub/Pozyx/new_model
s/freefall/figures/dragForce_model/blueBall.pdf): PDF inclusion: multiple pdfs 
with page group included in a single page
> </Users/CoraJune/Documents/GitHub/Pozyx/new_models/freefall/figures/dragForce
_model/orangeBall.pdf

pdfTeX warning: pdflatex (file /Users/CoraJune/Documents/GitHub/Pozyx/new_model
s/freefall/figures/dragForce_model/orangeBall.pdf): PDF inclusion: multiple pdf
s with page group included in a single page
> </Users/CoraJune/Documents/GitHub/Pozyx/new_models/freefall/figures/dragForce
_model/rocket.pdf

pdfTeX warning: pdflatex (file /Users/CoraJune/Documents/GitHub/Pozyx/new_model
s/freefall/figures/dragForce_model/rocket.pdf): PDF inclusion: multiple pdfs wi
th page group included in a single page
>]
</Users/CoraJune/Documents/GitHub/Pozyx/new_models/freefall/figures/fitting_for
ced/redBall.png, id=727, 417.7206pt x 328.8285pt>
File: /Users/CoraJune/Documents/GitHub/Pozyx/new_models/freefall/figures/fittin
g_forced/redBall.png Graphic file (type png)
<use /Users/CoraJune/Documents/GitHub/Pozyx/new_models/freefall/figures/fitting
_forced/redBall.png>
Package pdftex.def Info: /Users/CoraJune/Documents/GitHub/Pozyx/new_models/free
fall/figures/fitting_forced/redBall.png  used on input line 87. on input line 8
7.
Package pdftex.def Info: Requested size: 250.6343pt x 197.29861pt on input line
 87.
</Users/CoraJune/Documents/GitHub/Pozyx/new_models/freefall/figures/fitting_for
ced/yellowBall.png, id=729, 419.8887pt x 328.8285pt>
File: /Users/CoraJune/Documents/GitHub/Pozyx/new_models/freefall/figures/fittin
g_forced/yellowBall.png Graphic file (type png)
<use /Users/CoraJune/Documents/GitHub/Pozyx/new_models/freefall/figures/fitting
_forced/yellowBall.png>
Package pdftex.def Info: /Users/CoraJune/Documents/GitHub/Pozyx/new_models/free
fall/figures/fitting_forced/yellowBall.png  used on input line 88. on input lin
e 88.
Package pdftex.def Info: Requested size: 251.93517pt x 197.29861pt on input lin
e 88.

Underfull \hbox (badness 10000) in paragraph at lines 87--89
[][]
 []

</Users/CoraJune/Documents/GitHub/Pozyx/new_models/freefall/figures/fitting_for
ced/blueBall.png, id=730, 411.2163pt x 328.8285pt>
File: /Users/CoraJune/Documents/GitHub/Pozyx/new_models/freefall/figures/fittin
g_forced/blueBall.png Graphic file (type png)
<use /Users/CoraJune/Documents/GitHub/Pozyx/new_models/freefall/figures/fitting
_forced/blueBall.png>
Package pdftex.def Info: /Users/CoraJune/Documents/GitHub/Pozyx/new_models/free
fall/figures/fitting_forced/blueBall.png  used on input line 92. on input line 
92.
Package pdftex.def Info: Requested size: 246.73167pt x 197.29861pt on input lin
e 92.
</Users/CoraJune/Documents/GitHub/Pozyx/new_models/freefall/figures/fitting_for
ced/orangeBall.png, id=731, 417.7206pt x 328.8285pt>
File: /Users/CoraJune/Documents/GitHub/Pozyx/new_models/freefall/figures/fittin
g_forced/orangeBall.png Graphic file (type png)
<use /Users/CoraJune/Documents/GitHub/Pozyx/new_models/freefall/figures/fitting
_forced/orangeBall.png>
Package pdftex.def Info: /Users/CoraJune/Documents/GitHub/Pozyx/new_models/free
fall/figures/fitting_forced/orangeBall.png  used on input line 93. on input lin
e 93.
Package pdftex.def Info: Requested size: 250.6343pt x 197.29861pt on input line
 93.

Underfull \hbox (badness 10000) in paragraph at lines 92--94
[][]
 []

</Users/CoraJune/Documents/GitHub/Pozyx/new_models/freefall/figures/fitting_for
ced/rocket.png, id=732, 417.7206pt x 328.8285pt>
File: /Users/CoraJune/Documents/GitHub/Pozyx/new_models/freefall/figures/fittin
g_forced/rocket.png Graphic file (type png)
<use /Users/CoraJune/Documents/GitHub/Pozyx/new_models/freefall/figures/fitting
_forced/rocket.png>
Package pdftex.def Info: /Users/CoraJune/Documents/GitHub/Pozyx/new_models/free
fall/figures/fitting_forced/rocket.png  used on input line 96. on input line 96
.
Package pdftex.def Info: Requested size: 250.6343pt x 197.29861pt on input line
 96.
[5 </Users/CoraJune/Documents/GitHub/Pozyx/new_models/freefall/figures/fitting_
forced/redBall.png> </Users/CoraJune/Documents/GitHub/Pozyx/new_models/freefall
/figures/fitting_forced/yellowBall.png> </Users/CoraJune/Documents/GitHub/Pozyx
/new_models/freefall/figures/fitting_forced/blueBall.png> </Users/CoraJune/Docu
ments/GitHub/Pozyx/new_models/freefall/figures/fitting_forced/orangeBall.png> <
/Users/CoraJune/Documents/GitHub/Pozyx/new_models/freefall/figures/fitting_forc
ed/rocket.png>]
</Users/CoraJune/Documents/GitHub/Pozyx/new_models/freefall/figures/fitting_ope
n/redBall.png, id=741, 417.7206pt x 328.8285pt>
File: /Users/CoraJune/Documents/GitHub/Pozyx/new_models/freefall/figures/fittin
g_open/redBall.png Graphic file (type png)
<use /Users/CoraJune/Documents/GitHub/Pozyx/new_models/freefall/figures/fitting
_open/redBall.png>
Package pdftex.def Info: /Users/CoraJune/Documents/GitHub/Pozyx/new_models/free
fall/figures/fitting_open/redBall.png  used on input line 105. on input line 10
5.
Package pdftex.def Info: Requested size: 250.6343pt x 197.29861pt on input line
 105.
</Users/CoraJune/Documents/GitHub/Pozyx/new_models/freefall/figures/fitting_ope
n/yellowBall.png, id=742, 419.8887pt x 328.8285pt>
File: /Users/CoraJune/Documents/GitHub/Pozyx/new_models/freefall/figures/fittin
g_open/yellowBall.png Graphic file (type png)
<use /Users/CoraJune/Documents/GitHub/Pozyx/new_models/freefall/figures/fitting
_open/yellowBall.png>
Package pdftex.def Info: /Users/CoraJune/Documents/GitHub/Pozyx/new_models/free
fall/figures/fitting_open/yellowBall.png  used on input line 106. on input line
 106.
Package pdftex.def Info: Requested size: 251.93517pt x 197.29861pt on input lin
e 106.

Underfull \hbox (badness 10000) in paragraph at lines 105--107
[][]
 []

</Users/CoraJune/Documents/GitHub/Pozyx/new_models/freefall/figures/fitting_ope
n/blueBall.png, id=743, 411.2163pt x 328.8285pt>
File: /Users/CoraJune/Documents/GitHub/Pozyx/new_models/freefall/figures/fittin
g_open/blueBall.png Graphic file (type png)
<use /Users/CoraJune/Documents/GitHub/Pozyx/new_models/freefall/figures/fitting
_open/blueBall.png>
Package pdftex.def Info: /Users/CoraJune/Documents/GitHub/Pozyx/new_models/free
fall/figures/fitting_open/blueBall.png  used on input line 110. on input line 1
10.
Package pdftex.def Info: Requested size: 246.73167pt x 197.29861pt on input lin
e 110.
</Users/CoraJune/Documents/GitHub/Pozyx/new_models/freefall/figures/fitting_ope
n/orangeBall.png, id=744, 417.7206pt x 328.8285pt>
File: /Users/CoraJune/Documents/GitHub/Pozyx/new_models/freefall/figures/fittin
g_open/orangeBall.png Graphic file (type png)
<use /Users/CoraJune/Documents/GitHub/Pozyx/new_models/freefall/figures/fitting
_open/orangeBall.png>
Package pdftex.def Info: /Users/CoraJune/Documents/GitHub/Pozyx/new_models/free
fall/figures/fitting_open/orangeBall.png  used on input line 111. on input line
 111.
Package pdftex.def Info: Requested size: 250.6343pt x 197.29861pt on input line
 111.

Underfull \hbox (badness 10000) in paragraph at lines 110--112
[][]
 []

</Users/CoraJune/Documents/GitHub/Pozyx/new_models/freefall/figures/fitting_ope
n/rocket.png, id=745, 417.7206pt x 328.8285pt>
File: /Users/CoraJune/Documents/GitHub/Pozyx/new_models/freefall/figures/fittin
g_open/rocket.png Graphic file (type png)
<use /Users/CoraJune/Documents/GitHub/Pozyx/new_models/freefall/figures/fitting
_open/rocket.png>
Package pdftex.def Info: /Users/CoraJune/Documents/GitHub/Pozyx/new_models/free
fall/figures/fitting_open/rocket.png  used on input line 114. on input line 114
.
Package pdftex.def Info: Requested size: 250.6343pt x 197.29861pt on input line
 114.
[6 </Users/CoraJune/Documents/GitHub/Pozyx/new_models/freefall/figures/fitting_
open/redBall.png> </Users/CoraJune/Documents/GitHub/Pozyx/new_models/freefall/f
igures/fitting_open/yellowBall.png> </Users/CoraJune/Documents/GitHub/Pozyx/new
_models/freefall/figures/fitting_open/blueBall.png> </Users/CoraJune/Documents/
GitHub/Pozyx/new_models/freefall/figures/fitting_open/orangeBall.png> </Users/C
oraJune/Documents/GitHub/Pozyx/new_models/freefall/figures/fitting_open/rocket.
png>] (./freefall_plot_compilation.aux) ) 
Here is how much of TeX's memory you used:
 3328 strings out of 492990
 56056 string characters out of 6132637
 114864 words of memory out of 5000000
 6841 multiletter control sequences out of 15000+600000
 4598 words of font info for 17 fonts, out of 8000000 for 9000
 1141 hyphenation exceptions out of 8191
 41i,8n,35p,292b,290s stack positions out of 5000i,500n,10000p,200000b,80000s
</usr/local/texlive/2016/texmf-dist/fo
nts/type1/public/amsfonts/cm/cmbx12.pfb></usr/local/texlive/2016/texmf-dist/fon
ts/type1/public/amsfonts/cm/cmr10.pfb></usr/local/texlive/2016/texmf-dist/fonts
/type1/public/amsfonts/cm/cmsl10.pfb>
Output written on freefall_plot_compilation.pdf (6 pages, 531477 bytes).
PDF statistics:
 765 PDF objects out of 1000 (max. 8388607)
 128 compressed objects within 2 object streams
 0 named destinations out of 1000 (max. 500000)
 151 words of extra memory for PDF output out of 10000 (max. 10000000)

